2018-06-28 15:55:25|   0.1|  0.1|INFORM|FME 2017.1.1.2 (20171115 - Build 17654 - WIN32)
2018-06-28 15:55:25|   0.1|  0.0|INFORM|FME_HOME is 'C:\apps\FME_2017_112\'
2018-06-28 15:55:25|   0.1|  0.0|INFORM|FME Desktop Oracle Edition (floating)
2018-06-28 15:55:25|   0.1|  0.0|INFORM|Temporary License: 233 days left.
2018-06-28 15:55:25|   0.1|  0.0|INFORM|Machine host name is: exjobb-08
2018-06-28 15:55:25|   0.1|  0.0|INFORM|START - ProcessID: 3308, peak process memory usage: 34316 kB, current process memory usage: 34316 kB
2018-06-28 15:55:25|   0.1|  0.0|INFORM|FME Configuration: Command line arguments are `C:\apps\FME_2017_112\fme.exe' `E:/Josefine/Testbed_BIM_GIS/Building area/House 45\wb-xlate-1530194122882_9748' `LOG_STANDARDOUT' `YES' `LogCountServerName' `{d97a18a5-ecc7-4c00-9fc6-2c85f994a362}'
2018-06-28 15:55:25|   0.2|  0.0|INFORM|Shared folders for formats are : C:\apps\FME_2017_112\datasources;C:\Users\josefineax07\Documents\FME\Formats
2018-06-28 15:55:25|   0.2|  0.0|INFORM|Shared folders for transformers are : C:\apps\FME_2017_112\transformers;C:\Users\josefineax07\Documents\FME\Transformers
2018-06-28 15:55:25|   0.2|  0.0|INFORM|Shared folders for coordinate systems are : C:\Users\josefineax07\Documents\FME\CoordinateSystems
2018-06-28 15:55:25|   0.2|  0.0|INFORM|Shared folders for coordinate system exceptions are : C:\Users\josefineax07\Documents\FME\CoordinateSystemExceptions
2018-06-28 15:55:25|   0.2|  0.0|INFORM|Shared folders for coordinate system grid overrides are : C:\Users\josefineax07\Documents\FME\CoordinateSystemGridOverrides
2018-06-28 15:55:25|   0.2|  0.0|INFORM|Shared folders for CS-MAP transformation exceptions are : C:\Users\josefineax07\Documents\FME\CsmapTransformationExceptions
2018-06-28 15:55:25|   0.2|  0.0|INFORM|Shared folders for transformer categories are : C:\Users\josefineax07\Documents\FME\TransformerCategories
2018-06-28 15:55:25|   0.2|  0.0|INFORM|FME Configuration: Reader Keyword is `IFC_2'
2018-06-28 15:55:25|   0.2|  0.0|INFORM|FME Configuration: Writer Keyword is `NULL_DEST'
2018-06-28 15:55:25|   0.2|  0.0|INFORM|FME Configuration: Writer Group Definition Keyword is `NULL_DEST_DEF'
2018-06-28 15:55:25|   0.2|  0.0|INFORM|FME Configuration: Reader type is `IFC'
2018-06-28 15:55:25|   0.2|  0.0|INFORM|FME Configuration: Writer type is `NULL'
2018-06-28 15:55:25|   0.2|  0.0|INFORM|FME Configuration: No destination coordinate system set
2018-06-28 15:55:25|   0.2|  0.0|INFORM|FME Configuration: Current working folder is `E:\Josefine\Testbed_BIM_GIS\Building area\House 45'
2018-06-28 15:55:25|   0.2|  0.0|INFORM|FME Configuration: Temporary folder is `C:\Users\JOSEFI~1\AppData\Local\Temp', set from environment variable `TEMP'
2018-06-28 15:55:25|   0.2|  0.0|INFORM|FME Configuration: FME_HOME is `C:\apps\FME_2017_112\'
2018-06-28 15:55:25|   0.2|  0.0|INFORM|FME Configuration: FME_BASE is 'no'
2018-06-28 15:55:25|   0.2|  0.0|INFORM|FME Configuration: FME_MF_DIR is 'E:\Josefine\Testbed_BIM_GIS\Building area\House 45/'
2018-06-28 15:55:25|   0.2|  0.0|INFORM|FME Configuration: FME_MF_NAME is 'House 45 - without object for BUA .fmw'
2018-06-28 15:55:25|   0.2|  0.0|INFORM|FME Configuration: FME_PRODUCT_NAME is 'FME(R) 2017.1.1.2'
2018-06-28 15:55:25|   0.2|  0.0|INFORM|System Status: 255.74 GB of disk space available in the FME temporary folder (C:\Users\JOSEFI~1\AppData\Local\Temp)
2018-06-28 15:55:25|   0.2|  0.0|INFORM|System Status: 4.00 GB of virtual memory available
2018-06-28 15:55:25|   0.2|  0.0|INFORM|Operating System: Microsoft Windows 7 64-bit Service Pack 1 (Build 7601)
2018-06-28 15:55:25|   0.2|  0.0|INFORM|FME Platform: WIN32
2018-06-28 15:55:25|   0.2|  0.0|INFORM|Locale: en_US
2018-06-28 15:55:25|   0.2|  0.0|INFORM|Code Page: 1252  (ANSI - Latin I)
2018-06-28 15:55:25|   0.2|  0.0|INFORM|FME Configuration: Process limits are 63.78 GB of physical memory and 4.00 GB of address space
2018-06-28 15:55:25|   0.2|  0.0|INFORM|FME Configuration: Start freeing memory when process usage exceeds 2.83 GB of memory or 3.41 GB of address space
2018-06-28 15:55:25|   0.2|  0.0|INFORM|FME Configuration: Stop freeing memory when process usage is below 2.12 GB of memory and 2.56 GB of address space
2018-06-28 15:55:25|   0.2|  0.0|INFORM|Creating writer for format: NULL (Nothing)
2018-06-28 15:55:25|   0.2|  0.0|INFORM|Trying to find a DYNAMIC plugin for writer named `NULL'
2018-06-28 15:55:25|   0.2|  0.0|INFORM|Loaded module 'NULL' from file 'C:\apps\FME_2017_112\plugins/NULL.dll'
2018-06-28 15:55:25|   0.2|  0.0|INFORM|FME API version of module 'NULL' matches current internal version (3.8 20170315)
2018-06-28 15:55:25|   0.2|  0.0|INFORM|Creating reader for format: Industry Foundation Class STEP Files (IFC)
2018-06-28 15:55:25|   0.2|  0.0|INFORM|Trying to find a DYNAMIC plugin for reader named `IFC'
2018-06-28 15:55:25|   0.2|  0.0|WARN  |Error prepending '<FME_HOME>/plugins/' to path environment variable.  The addition may not exist, or on Windows the resulting path may be longer than 2047 characters
2018-06-28 15:55:25|   0.3|  0.1|INFORM|Loaded module 'IFC' from file 'C:\apps\FME_2017_112\plugins/ifc/ifc.dll'
2018-06-28 15:55:25|   0.3|  0.0|INFORM|FME API version of module 'IFC' matches current internal version (3.8 20170315)
2018-06-28 15:55:25|   0.3|  0.0|INFORM|Detected IFC version 2X3.
2018-06-28 15:55:25|   0.3|  0.0|INFORM|IFC: CSG solid geometries will be evaluated in the reader
2018-06-28 15:55:25|   0.4|  0.0|INFORM|Loaded module 'LogCount_func' from file 'C:\apps\FME_2017_112\plugins/LogCount_func.dll'
2018-06-28 15:55:25|   0.4|  0.0|INFORM|FME API version of module 'LogCount_func' matches current internal version (3.8 20170315)
2018-06-28 15:55:25|   0.4|  0.0|INFORM|FME API version of module 'NULL' matches current internal version (3.8 20170315)
2018-06-28 15:55:25|   0.4|  0.0|INFORM|FME API version of module 'NULL' matches current internal version (3.8 20170315)
2018-06-28 15:55:25|   0.4|  0.0|INFORM|Loaded module 'InspectorFactory' from file 'C:\apps\FME_2017_112\plugins/InspectorFactory.dll'
2018-06-28 15:55:25|   0.4|  0.0|INFORM|FME API version of module 'InspectorFactory' matches current internal version (3.8 20170315)
2018-06-28 15:55:25|   0.4|  0.0|INFORM|... Last line repeated 5 times ...
2018-06-28 15:55:25|   0.4|  0.0|INFORM|IFC: Plane angle unit determined to be degrees.
2018-06-28 15:55:25|   0.4|  0.0|INFORM|IFC: Length unit determined to be 'MILLIMETER'. One 'MILLIMETER' is 0.001 meters
2018-06-28 15:55:25|   0.9|  0.5|INFORM|IFC: 32 objects read
2018-06-28 15:55:25|   0.9|  0.0|INFORM|FME Configuration: Source coordinate system for reader IFC_2[IFC] set to `IFC_COORDSYS_0' as read from input data
2018-06-28 15:55:25|   0.9|  0.0|INFORM|Coordinate System `IFC_COORDSYS_0' parameters: CS_NAME=`IFC_COORDSYS_0' DT_NAME=`WGS84' ORG_LAT=`51.50642013527778' ORG_LNG=`-0.1272100061111111' PROJ=`AZMED' QUAD=`1' UNIT=`MILLIMETER' X_OFF=`0.0' Y_OFF=`0.0' 
2018-06-28 15:55:25|   0.9|  0.0|STATS |Storing feature(s) to FME feature store file `C:\Users\JOSEFI~1\AppData\Local\Temp\House_45_-_without_object_for_BUA_155525\inspector.ffs'
2018-06-28 15:55:25|   0.9|  0.0|INFORM|Emptying factory pipeline
2018-06-28 15:55:25|   0.9|  0.0|STATS |Router and Unexpected Input Remover(RoutingFactory): Tested 57 input feature(s), wrote 57 output feature(s): 20 matched merge filters, 20 were routed to output, 37 could not be routed.
2018-06-28 15:55:25|   0.9|  0.0|STATS |Unexpected Input Remover Nuker(TeeFactory): Cloned 37 input feature(s) into 0 output feature(s)
2018-06-28 15:55:25|   0.9|  0.0|STATS |IfcSlab (IFC_2) Splitter(TeeFactory): Cloned 2 input feature(s) into 6 output feature(s)
2018-06-28 15:55:25|   0.9|  0.0|STATS |IfcSlab_IFC_2_0_4lnr3AhAnoM= Feature Counter -1 28(TeeFactory): Cloned 2 input feature(s) into 2 output feature(s)
2018-06-28 15:55:25|   0.9|  0.0|STATS |IfcSlab_IFC_2_1_tUHFj/80W/Q= Feature Counter -1 16(TeeFactory): Cloned 2 input feature(s) into 2 output feature(s)
2018-06-28 15:55:25|   0.9|  0.0|STATS |IfcSlab_IFC_2_2_7yyl1pTF1DA= Feature Counter -1 30(TeeFactory): Cloned 2 input feature(s) into 2 output feature(s)
2018-06-28 15:55:25|   0.9|  0.0|STATS |IfcWindow (IFC_2) Splitter(TeeFactory): Cloned 5 input feature(s) into 5 output feature(s)
2018-06-28 15:55:25|   0.9|  0.0|STATS |IfcWindow_IFC_2 Feature Counter -1 43(TeeFactory): Cloned 5 input feature(s) into 5 output feature(s)
2018-06-28 15:55:25|   0.9|  0.0|STATS |IfcDoor (IFC_2) Splitter(TeeFactory): Cloned 1 input feature(s) into 1 output feature(s)
2018-06-28 15:55:25|   0.9|  0.0|STATS |IfcDoor_IFC_2 Feature Counter -1 38(TeeFactory): Cloned 1 input feature(s) into 1 output feature(s)
2018-06-28 15:55:25|   0.9|  0.0|STATS |IfcRoof (IFC_2) Splitter(TeeFactory): Cloned 2 input feature(s) into 8 output feature(s)
2018-06-28 15:55:25|   0.9|  0.0|STATS |IfcRoof_IFC_2_0_8dCbxpfukj4= Feature Counter -1 29(TeeFactory): Cloned 2 input feature(s) into 2 output feature(s)
2018-06-28 15:55:25|   0.9|  0.0|STATS |IfcRoof_IFC_2_1_daE/BWJzZnk= Feature Counter -1 19(TeeFactory): Cloned 2 input feature(s) into 2 output feature(s)
2018-06-28 15:55:25|   0.9|  0.0|STATS |IfcRoof_IFC_2_2_tEEYHtjLxXs= Feature Counter -1 20(TeeFactory): Cloned 2 input feature(s) into 2 output feature(s)
2018-06-28 15:55:25|   0.9|  0.0|STATS |IfcRoof_IFC_2_3_Ri+uIA9pXEs= Feature Counter -1 36(TeeFactory): Cloned 2 input feature(s) into 2 output feature(s)
2018-06-28 15:55:25|   0.9|  0.0|STATS |IfcWallStandardCase (IFC_2) Splitter(TeeFactory): Cloned 7 input feature(s) into 21 output feature(s)
2018-06-28 15:55:25|   0.9|  0.0|STATS |IfcWallStandardCase_IFC_2_0_i6kglNMFIa8= Feature Counter -1 27(TeeFactory): Cloned 7 input feature(s) into 7 output feature(s)
2018-06-28 15:55:25|   0.9|  0.0|STATS |IfcWallStandardCase_IFC_2_1_ZYv5nPSw8IA= Feature Counter -1 14(TeeFactory): Cloned 7 input feature(s) into 7 output feature(s)
2018-06-28 15:55:25|   0.9|  0.0|STATS |IfcWallStandardCase_IFC_2_2_jU4HK4fi9sg= Feature Counter -1 32(TeeFactory): Cloned 7 input feature(s) into 7 output feature(s)
2018-06-28 15:55:25|   0.9|  0.0|STATS |IfcBuildingStorey (IFC_2) Splitter(TeeFactory): Cloned 3 input feature(s) into 6 output feature(s)
2018-06-28 15:55:25|   0.9|  0.0|STATS |IfcBuildingStorey_IFC_2_0_3x3uSA5B9XM= Feature Counter -1 18(TeeFactory): Cloned 3 input feature(s) into 3 output feature(s)
2018-06-28 15:55:25|   0.9|  0.0|STATS |IfcBuildingStorey_IFC_2_1_kowP9CpcGgg= Feature Counter -1 34(TeeFactory): Cloned 3 input feature(s) into 3 output feature(s)
2018-06-28 15:55:25|   0.9|  0.0|INFORM|IfcBuildingStorey_Recorder(RecorderFactory): Recorded 3 feature(s) to file `C:\Users\JOSEFI~1\AppData\Local\Temp\House_45_-_without_object_for_BUA_155525\inspector.ffs'
2018-06-28 15:55:25|   0.9|  0.0|INFORM|IfcDoor_Recorder(RecorderFactory): Recorded 1 feature(s) to file `C:\Users\JOSEFI~1\AppData\Local\Temp\House_45_-_without_object_for_BUA_155525\inspector.ffs'
2018-06-28 15:55:25|   0.9|  0.0|INFORM|IfcRoof_Recorder(RecorderFactory): Recorded 2 feature(s) to file `C:\Users\JOSEFI~1\AppData\Local\Temp\House_45_-_without_object_for_BUA_155525\inspector.ffs'
2018-06-28 15:55:25|   0.9|  0.0|INFORM|IfcSlab_Recorder(RecorderFactory): Recorded 2 feature(s) to file `C:\Users\JOSEFI~1\AppData\Local\Temp\House_45_-_without_object_for_BUA_155525\inspector.ffs'
2018-06-28 15:55:25|   0.9|  0.0|INFORM|IfcWallStandardCase_Recorder(RecorderFactory): Recorded 7 feature(s) to file `C:\Users\JOSEFI~1\AppData\Local\Temp\House_45_-_without_object_for_BUA_155525\inspector.ffs'
2018-06-28 15:55:25|   0.9|  0.0|STATS |IfcSlab_-__FootprintAreaCalculator_IfSlab_Input(TeeFactory): Cloned 9 input feature(s) into 9 output feature(s)
2018-06-28 15:55:25|   0.9|  0.0|STATS |IfcSlab_-__FootprintAreaCalculator_IfSlab_Input Output Splitter(TeeFactory): Cloned 9 input feature(s) into 27 output feature(s)
2018-06-28 15:55:25|   0.9|  0.0|STATS |IfcSlab_-__FootprintAreaCalculator_IfSlab_Input_Output_0_VyNY23sonfk= Feature Counter -1 21(TeeFactory): Cloned 9 input feature(s) into 9 output feature(s)
2018-06-28 15:55:25|   0.9|  0.0|STATS |IfcSlab_-__FootprintAreaCalculator_IfSlab_Input_Output_1_H3Z+WcCsQQo= Feature Counter -1 22(TeeFactory): Cloned 9 input feature(s) into 9 output feature(s)
2018-06-28 15:55:25|   0.9|  0.0|STATS |IfcSlab_-__FootprintAreaCalculator_IfSlab_Input_Output_2_42Aj6yboB0M= Feature Counter -1 23(TeeFactory): Cloned 9 input feature(s) into 9 output feature(s)
2018-06-28 15:55:25|   0.9|  0.0|STATS |FootprintAreaCalculator (Disabled) Nuker(TeeFactory): Cloned 45 input feature(s) into 0 output feature(s)
2018-06-28 15:55:25|   0.9|  0.0|STATS |FootprintAreaCalculator_FootprintArea Feature Counter -1 24(TeeFactory): Cloned 0 input feature(s) into 0 output feature(s)
2018-06-28 15:55:25|   0.9|  0.0|STATS |FootprintAreaCalculator_FootprintArea Disabled Nuker -1 24(TeeFactory): Cloned 0 input feature(s) into 0 output feature(s)
2018-06-28 15:55:25|   0.9|  0.0|STATS |FootprintAreaCalculator_FootprintArea (Disabled) Nuker(TeeFactory): Cloned 0 input feature(s) into 0 output feature(s)
2018-06-28 15:55:25|   0.9|  0.0|STATS |Stored 20 feature(s) to FME feature store file `C:\Users\JOSEFI~1\AppData\Local\Temp\House_45_-_without_object_for_BUA_155525\inspector.ffs'
2018-06-28 15:55:25|   0.9|  0.0|INFORM|Saving spatial index into file 'C:\Users\JOSEFI~1\AppData\Local\Temp\House_45_-_without_object_for_BUA_155525\inspector.fsi'
2018-06-28 15:55:25|   0.9|  0.0|INFORM|Finished saving spatial index into file 'C:\Users\JOSEFI~1\AppData\Local\Temp\House_45_-_without_object_for_BUA_155525\inspector.fsi'
2018-06-28 15:55:25|   0.9|  0.0|INFORM|IfcWindow_Recorder(RecorderFactory): Recorded 5 feature(s) to file `C:\Users\JOSEFI~1\AppData\Local\Temp\House_45_-_without_object_for_BUA_155525\inspector.ffs'
2018-06-28 15:55:25|   0.9|  0.0|STATS |Destination Feature Type Routing Correlator(RoutingFactory): Tested 0 input feature(s), wrote 0 output feature(s): 0 matched merge filters, 0 were routed to output, 0 could not be routed.
2018-06-28 15:55:25|   0.9|  0.0|STATS |Final Output Nuker(TeeFactory): Cloned 0 input feature(s) into 0 output feature(s)
2018-06-28 15:55:25|   0.9|  0.0|STATS |f_45(CreationFactory): Created 1 features
2018-06-28 15:55:25|   0.9|  0.0|STATS |f_46(TeeFactory): Cloned 1 input feature(s) into 0 output feature(s)
2018-06-28 15:55:25|   0.9|  0.0|STATS |=-=-=-=-=-=-=-=-=-=-=-=-=-=-=-=-=-=-=-=-=-=-=-=-=-=-=-=-=-=-=-=-=-=-=-=-=-=-=-
2018-06-28 15:55:25|   0.9|  0.0|STATS |                            Features Read Summary
2018-06-28 15:55:25|   0.9|  0.0|STATS |=-=-=-=-=-=-=-=-=-=-=-=-=-=-=-=-=-=-=-=-=-=-=-=-=-=-=-=-=-=-=-=-=-=-=-=-=-=-=-
2018-06-28 15:55:25|   0.9|  0.0|STATS |IfcBuilding                                                                  1
2018-06-28 15:55:25|   0.9|  0.0|STATS |IfcBuildingStorey                                                            3
2018-06-28 15:55:25|   0.9|  0.0|STATS |IfcDoor                                                                      1
2018-06-28 15:55:25|   0.9|  0.0|STATS |IfcOpeningElement                                                            6
2018-06-28 15:55:25|   0.9|  0.0|STATS |IfcProject                                                                   1
2018-06-28 15:55:25|   0.9|  0.0|STATS |IfcRoof                                                                      2
2018-06-28 15:55:25|   0.9|  0.0|STATS |IfcSite                                                                      1
2018-06-28 15:55:25|   0.9|  0.0|STATS |IfcSlab                                                                      2
2018-06-28 15:55:25|   0.9|  0.0|STATS |IfcSpace                                                                     3
2018-06-28 15:55:25|   0.9|  0.0|STATS |IfcWallStandardCase                                                          7
2018-06-28 15:55:25|   0.9|  0.0|STATS |IfcWindow                                                                    5
2018-06-28 15:55:25|   0.9|  0.0|STATS |PropertySetDefinition                                                       25
2018-06-28 15:55:25|   0.9|  0.0|STATS |==============================================================================
2018-06-28 15:55:25|   0.9|  0.0|STATS |Total Features Read                                                         57
2018-06-28 15:55:25|   0.9|  0.0|STATS |=-=-=-=-=-=-=-=-=-=-=-=-=-=-=-=-=-=-=-=-=-=-=-=-=-=-=-=-=-=-=-=-=-=-=-=-=-=-=-
2018-06-28 15:55:25|   0.9|  0.0|STATS |=-=-=-=-=-=-=-=-=-=-=-=-=-=-=-=-=-=-=-=-=-=-=-=-=-=-=-=-=-=-=-=-=-=-=-=-=-=-=-
2018-06-28 15:55:25|   0.9|  0.0|STATS |                           Features Written Summary
2018-06-28 15:55:25|   0.9|  0.0|STATS |=-=-=-=-=-=-=-=-=-=-=-=-=-=-=-=-=-=-=-=-=-=-=-=-=-=-=-=-=-=-=-=-=-=-=-=-=-=-=-
2018-06-28 15:55:25|   0.9|  0.0|STATS |==============================================================================
2018-06-28 15:55:25|   0.9|  0.0|STATS |Total Features Written                                                       0
2018-06-28 15:55:25|   0.9|  0.0|STATS |=-=-=-=-=-=-=-=-=-=-=-=-=-=-=-=-=-=-=-=-=-=-=-=-=-=-=-=-=-=-=-=-=-=-=-=-=-=-=-
2018-06-28 15:55:25|   0.9|  0.0|INFORM|Translation was SUCCESSFUL with 1 warning(s) (0 feature(s) output)
2018-06-28 15:55:25|   0.9|  0.0|INFORM|FME Session Duration: 0.9 seconds. (CPU: 0.7s user, 0.1s system)
2018-06-28 15:55:25|   0.9|  0.0|INFORM|END - ProcessID: 3308, peak process memory usage: 72672 kB, current process memory usage: 72568 kB
